ALTER TABLE properties RENAME COLUMN weight TO atomic_mass;


ALTER TABLE properties RENAME COLUMN  melting_point TO melting_point_celsius;

ALTER TABLE properties RENAME COLUMN boiling_point TO boiling_point_celsius;


ALTER TABLE properties ALTER COLUMN melting_point_celsius SET NOT NULL;

ALTER TABLE properties ALTER COLUMN boiling_point_celsius  SET NOT NULL;


ALTER TABLE elements ADD CONSTRAINT unique_symbol UNIQUE (symbol);

ALTER TABLE elements ADD CONSTRAINT unique_name UNIQUE (name);


ALTER TABLE elements ALTER COLUMN symbol SET NOT NULL;

ALTER TABLE elements ALTER COLUMN name SET NOT NULL;


ALTER TABLE properties ADD CONSTRAINT fk_properties_elements FOREIGN KEY (atomic_number) REFERENCES elements(atomic_numbe
r);


ALTER TABLE types ADD COLUMN type_id SERIAL PRIMARY KEY;


ALTER TABLE types ADD COLUMN type VARCHAR NOT NULL;


INSERT INTO types(type) VALUES('metal');

INSERT INTO types(type) VALUES('metalloid');

INSERT INTO types(type) VALUES('nonmetal');


1)Your properties table should have a type_id foreign key column that references the type_id column from the types table.
It should be an INT with the NOT NULL constraint

UPDATE properties SET type_id = 1 WHERE type='nonmetal';
UPDATE properties SET type_id = 2 WHERE type='metal';
UPDATE properties SET type_id = 3 WHERE type='metalliod';

ALTER TABLE properties ALTER COLUMN type_id SET NOT NULL;


2)Each row in your properties table should have a type_id value that links to the correct type from the types table
ALTER TABLE properties ADD COLUMN type_id INT REFERENCES types(type_id);